2020-11-08 00:45:23.983 INFO  [background-preinit] org.hibernate.validator.internal.util.Version.<clinit>:21 - HV000001: Hibernate Validator 6.1.5.Final
2020-11-08 00:45:24.005 INFO  [main] org.springframework.boot.StartupInfoLogger.logStarting:55 - Starting SoulWebApplication on DESKTOP-QL552P5 with PID 14172 (E:\IDEAproject_and_Giteeproject\soul\soul-web\target\classes started by caiyuan in E:\IDEAproject_and_Giteeproject\soul)
2020-11-08 00:45:24.005 INFO  [main] org.springframework.boot.SpringApplication.logStartupProfileInfo:651 - No active profile set, falling back to default profiles: default
2020-11-08 00:45:24.664 INFO  [main] org.springframework.data.repository.config.RepositoryConfigurationDelegate.multipleStoresDetected:249 - Multiple Spring Data modules found, entering strict repository configuration mode!
2020-11-08 00:45:24.664 INFO  [main] org.springframework.data.repository.config.RepositoryConfigurationDelegate.registerRepositoriesIn:127 - Bootstrapping Spring Data Redis repositories in DEFAULT mode.
2020-11-08 00:45:24.684 INFO  [main] org.springframework.data.repository.config.RepositoryConfigurationDelegate.registerRepositoriesIn:187 - Finished Spring Data repository scanning in 4ms. Found 0 Redis repository interfaces.
2020-11-08 00:45:25.169 INFO  [main] org.springframework.boot.web.embedded.tomcat.TomcatWebServer.initialize:108 - Tomcat initialized with port(s): 8080 (http)
2020-11-08 00:45:25.175 INFO  [main] org.apache.juli.logging.DirectJDKLog.log:173 - Initializing ProtocolHandler ["http-nio-8080"]
2020-11-08 00:45:25.175 INFO  [main] org.apache.juli.logging.DirectJDKLog.log:173 - Starting service [Tomcat]
2020-11-08 00:45:25.175 INFO  [main] org.apache.juli.logging.DirectJDKLog.log:173 - Starting Servlet engine: [Apache Tomcat/9.0.38]
2020-11-08 00:45:25.338 INFO  [main] org.apache.juli.logging.DirectJDKLog.log:173 - Initializing Spring embedded WebApplicationContext
2020-11-08 00:45:25.338 INFO  [main] org.springframework.boot.web.servlet.context.ServletWebServerApplicationContext.prepareWebApplicationContext:285 - Root WebApplicationContext: initialization completed in 1286 ms
2020-11-08 00:45:25.741 INFO  [main] org.springframework.scheduling.concurrent.ExecutorConfigurationSupport.initialize:181 - Initializing ExecutorService 'applicationTaskExecutor'
2020-11-08 00:45:25.877 INFO  [main] com.alibaba.druid.spring.boot.autoconfigure.DruidDataSourceAutoConfigure.dataSource:56 - Init DruidDataSource
2020-11-08 00:45:26.278 INFO  [main] com.alibaba.druid.pool.DruidDataSource.init:930 - {dataSource-1} inited
2020-11-08 00:45:27.465 INFO  [main] org.apache.juli.logging.DirectJDKLog.log:173 - Starting ProtocolHandler ["http-nio-8080"]
2020-11-08 00:45:27.487 INFO  [main] org.springframework.boot.web.embedded.tomcat.TomcatWebServer.start:220 - Tomcat started on port(s): 8080 (http) with context path ''
2020-11-08 00:45:27.505 INFO  [main] org.springframework.boot.StartupInfoLogger.logStarted:61 - Started SoulWebApplication in 4.09 seconds (JVM running for 5.014)
2020-11-08 00:47:20.149 INFO  [background-preinit] org.hibernate.validator.internal.util.Version.<clinit>:21 - HV000001: Hibernate Validator 6.1.5.Final
2020-11-08 00:47:20.180 INFO  [main] org.springframework.boot.StartupInfoLogger.logStarting:55 - Starting SoulWebApplication on DESKTOP-QL552P5 with PID 9388 (E:\IDEAproject_and_Giteeproject\soul\soul-web\target\classes started by caiyuan in E:\IDEAproject_and_Giteeproject\soul)
2020-11-08 00:47:20.180 INFO  [main] org.springframework.boot.SpringApplication.logStartupProfileInfo:651 - No active profile set, falling back to default profiles: default
2020-11-08 00:47:20.860 INFO  [main] org.springframework.data.repository.config.RepositoryConfigurationDelegate.multipleStoresDetected:249 - Multiple Spring Data modules found, entering strict repository configuration mode!
2020-11-08 00:47:20.860 INFO  [main] org.springframework.data.repository.config.RepositoryConfigurationDelegate.registerRepositoriesIn:127 - Bootstrapping Spring Data Redis repositories in DEFAULT mode.
2020-11-08 00:47:20.878 INFO  [main] org.springframework.data.repository.config.RepositoryConfigurationDelegate.registerRepositoriesIn:187 - Finished Spring Data repository scanning in 4ms. Found 0 Redis repository interfaces.
2020-11-08 00:47:21.356 INFO  [main] org.springframework.boot.web.embedded.tomcat.TomcatWebServer.initialize:108 - Tomcat initialized with port(s): 8080 (http)
2020-11-08 00:47:21.366 INFO  [main] org.apache.juli.logging.DirectJDKLog.log:173 - Initializing ProtocolHandler ["http-nio-8080"]
2020-11-08 00:47:21.366 INFO  [main] org.apache.juli.logging.DirectJDKLog.log:173 - Starting service [Tomcat]
2020-11-08 00:47:21.366 INFO  [main] org.apache.juli.logging.DirectJDKLog.log:173 - Starting Servlet engine: [Apache Tomcat/9.0.38]
2020-11-08 00:47:21.468 INFO  [main] org.apache.juli.logging.DirectJDKLog.log:173 - Initializing Spring embedded WebApplicationContext
2020-11-08 00:47:21.468 INFO  [main] org.springframework.boot.web.servlet.context.ServletWebServerApplicationContext.prepareWebApplicationContext:285 - Root WebApplicationContext: initialization completed in 1246 ms
2020-11-08 00:47:21.805 INFO  [main] org.springframework.scheduling.concurrent.ExecutorConfigurationSupport.initialize:181 - Initializing ExecutorService 'applicationTaskExecutor'
2020-11-08 00:47:21.919 INFO  [main] com.alibaba.druid.spring.boot.autoconfigure.DruidDataSourceAutoConfigure.dataSource:56 - Init DruidDataSource
2020-11-08 00:47:22.220 INFO  [main] com.alibaba.druid.pool.DruidDataSource.init:930 - {dataSource-1} inited
2020-11-08 00:47:23.456 INFO  [main] org.apache.juli.logging.DirectJDKLog.log:173 - Starting ProtocolHandler ["http-nio-8080"]
2020-11-08 00:47:23.487 INFO  [main] org.springframework.boot.web.embedded.tomcat.TomcatWebServer.start:220 - Tomcat started on port(s): 8080 (http) with context path ''
2020-11-08 00:47:23.503 INFO  [main] org.springframework.boot.StartupInfoLogger.logStarted:61 - Started SoulWebApplication in 3.932 seconds (JVM running for 4.913)
2020-11-08 00:47:44.284 INFO  [background-preinit] org.hibernate.validator.internal.util.Version.<clinit>:21 - HV000001: Hibernate Validator 6.1.5.Final
2020-11-08 00:47:44.299 INFO  [main] org.springframework.boot.StartupInfoLogger.logStarting:55 - Starting SoulWebApplication on DESKTOP-QL552P5 with PID 12416 (E:\IDEAproject_and_Giteeproject\soul\soul-web\target\classes started by caiyuan in E:\IDEAproject_and_Giteeproject\soul)
2020-11-08 00:47:44.299 INFO  [main] org.springframework.boot.SpringApplication.logStartupProfileInfo:651 - No active profile set, falling back to default profiles: default
2020-11-08 00:47:44.992 INFO  [main] org.springframework.data.repository.config.RepositoryConfigurationDelegate.multipleStoresDetected:249 - Multiple Spring Data modules found, entering strict repository configuration mode!
2020-11-08 00:47:44.994 INFO  [main] org.springframework.data.repository.config.RepositoryConfigurationDelegate.registerRepositoriesIn:127 - Bootstrapping Spring Data Redis repositories in DEFAULT mode.
2020-11-08 00:47:45.014 INFO  [main] org.springframework.data.repository.config.RepositoryConfigurationDelegate.registerRepositoriesIn:187 - Finished Spring Data repository scanning in 4ms. Found 0 Redis repository interfaces.
2020-11-08 00:47:45.507 INFO  [main] org.springframework.boot.web.embedded.tomcat.TomcatWebServer.initialize:108 - Tomcat initialized with port(s): 8080 (http)
2020-11-08 00:47:45.517 INFO  [main] org.apache.juli.logging.DirectJDKLog.log:173 - Initializing ProtocolHandler ["http-nio-8080"]
2020-11-08 00:47:45.517 INFO  [main] org.apache.juli.logging.DirectJDKLog.log:173 - Starting service [Tomcat]
2020-11-08 00:47:45.517 INFO  [main] org.apache.juli.logging.DirectJDKLog.log:173 - Starting Servlet engine: [Apache Tomcat/9.0.38]
2020-11-08 00:47:45.618 INFO  [main] org.apache.juli.logging.DirectJDKLog.log:173 - Initializing Spring embedded WebApplicationContext
2020-11-08 00:47:45.618 INFO  [main] org.springframework.boot.web.servlet.context.ServletWebServerApplicationContext.prepareWebApplicationContext:285 - Root WebApplicationContext: initialization completed in 1265 ms
2020-11-08 00:47:45.958 INFO  [main] org.springframework.scheduling.concurrent.ExecutorConfigurationSupport.initialize:181 - Initializing ExecutorService 'applicationTaskExecutor'
2020-11-08 00:47:46.081 INFO  [main] com.alibaba.druid.spring.boot.autoconfigure.DruidDataSourceAutoConfigure.dataSource:56 - Init DruidDataSource
2020-11-08 00:47:46.382 INFO  [main] com.alibaba.druid.pool.DruidDataSource.init:930 - {dataSource-1} inited
2020-11-08 00:47:47.585 INFO  [main] org.apache.juli.logging.DirectJDKLog.log:173 - Starting ProtocolHandler ["http-nio-8080"]
2020-11-08 00:47:47.601 INFO  [main] org.springframework.boot.web.embedded.tomcat.TomcatWebServer.start:220 - Tomcat started on port(s): 8080 (http) with context path ''
2020-11-08 00:47:47.623 INFO  [main] org.springframework.boot.StartupInfoLogger.logStarted:61 - Started SoulWebApplication in 3.923 seconds (JVM running for 4.911)
2020-11-08 00:48:38.310 INFO  [background-preinit] org.hibernate.validator.internal.util.Version.<clinit>:21 - HV000001: Hibernate Validator 6.1.5.Final
2020-11-08 00:48:38.328 INFO  [main] org.springframework.boot.StartupInfoLogger.logStarting:55 - Starting SoulWebApplication on DESKTOP-QL552P5 with PID 14780 (E:\IDEAproject_and_Giteeproject\soul\soul-web\target\classes started by caiyuan in E:\IDEAproject_and_Giteeproject\soul)
2020-11-08 00:48:38.331 INFO  [main] org.springframework.boot.SpringApplication.logStartupProfileInfo:651 - No active profile set, falling back to default profiles: default
2020-11-08 00:48:38.875 INFO  [main] org.springframework.data.repository.config.RepositoryConfigurationDelegate.multipleStoresDetected:249 - Multiple Spring Data modules found, entering strict repository configuration mode!
2020-11-08 00:48:38.875 INFO  [main] org.springframework.data.repository.config.RepositoryConfigurationDelegate.registerRepositoriesIn:127 - Bootstrapping Spring Data Redis repositories in DEFAULT mode.
2020-11-08 00:48:38.882 INFO  [main] org.springframework.data.repository.config.RepositoryConfigurationDelegate.registerRepositoriesIn:187 - Finished Spring Data repository scanning in 4ms. Found 0 Redis repository interfaces.
2020-11-08 00:48:39.315 INFO  [main] org.springframework.boot.web.embedded.tomcat.TomcatWebServer.initialize:108 - Tomcat initialized with port(s): 8080 (http)
2020-11-08 00:48:39.315 INFO  [main] org.apache.juli.logging.DirectJDKLog.log:173 - Initializing ProtocolHandler ["http-nio-8080"]
2020-11-08 00:48:39.315 INFO  [main] org.apache.juli.logging.DirectJDKLog.log:173 - Starting service [Tomcat]
2020-11-08 00:48:39.315 INFO  [main] org.apache.juli.logging.DirectJDKLog.log:173 - Starting Servlet engine: [Apache Tomcat/9.0.38]
2020-11-08 00:48:39.414 INFO  [main] org.apache.juli.logging.DirectJDKLog.log:173 - Initializing Spring embedded WebApplicationContext
2020-11-08 00:48:39.414 INFO  [main] org.springframework.boot.web.servlet.context.ServletWebServerApplicationContext.prepareWebApplicationContext:285 - Root WebApplicationContext: initialization completed in 1045 ms
2020-11-08 00:48:39.730 INFO  [main] org.springframework.scheduling.concurrent.ExecutorConfigurationSupport.initialize:181 - Initializing ExecutorService 'applicationTaskExecutor'
2020-11-08 00:48:39.846 INFO  [main] com.alibaba.druid.spring.boot.autoconfigure.DruidDataSourceAutoConfigure.dataSource:56 - Init DruidDataSource
2020-11-08 00:48:40.116 INFO  [main] com.alibaba.druid.pool.DruidDataSource.init:930 - {dataSource-1} inited
2020-11-08 00:48:41.088 INFO  [main] org.apache.juli.logging.DirectJDKLog.log:173 - Starting ProtocolHandler ["http-nio-8080"]
2020-11-08 00:48:41.103 INFO  [main] org.springframework.boot.web.embedded.tomcat.TomcatWebServer.start:220 - Tomcat started on port(s): 8080 (http) with context path ''
2020-11-08 00:48:41.119 INFO  [main] org.springframework.boot.StartupInfoLogger.logStarted:61 - Started SoulWebApplication in 3.276 seconds (JVM running for 4.595)
2020-11-08 00:50:41.787 INFO  [background-preinit] org.hibernate.validator.internal.util.Version.<clinit>:21 - HV000001: Hibernate Validator 6.1.5.Final
2020-11-08 00:50:41.803 INFO  [main] org.springframework.boot.StartupInfoLogger.logStarting:55 - Starting SoulWebApplication on DESKTOP-QL552P5 with PID 3592 (E:\IDEAproject_and_Giteeproject\soul\soul-web\target\classes started by caiyuan in E:\IDEAproject_and_Giteeproject\soul)
2020-11-08 00:50:41.803 INFO  [main] org.springframework.boot.SpringApplication.logStartupProfileInfo:651 - No active profile set, falling back to default profiles: default
2020-11-08 00:50:42.400 INFO  [main] org.springframework.data.repository.config.RepositoryConfigurationDelegate.multipleStoresDetected:249 - Multiple Spring Data modules found, entering strict repository configuration mode!
2020-11-08 00:50:42.402 INFO  [main] org.springframework.data.repository.config.RepositoryConfigurationDelegate.registerRepositoriesIn:127 - Bootstrapping Spring Data Redis repositories in DEFAULT mode.
2020-11-08 00:50:42.420 INFO  [main] org.springframework.data.repository.config.RepositoryConfigurationDelegate.registerRepositoriesIn:187 - Finished Spring Data repository scanning in 4ms. Found 0 Redis repository interfaces.
2020-11-08 00:50:42.882 INFO  [main] org.springframework.boot.web.embedded.tomcat.TomcatWebServer.initialize:108 - Tomcat initialized with port(s): 8080 (http)
2020-11-08 00:50:42.898 INFO  [main] org.apache.juli.logging.DirectJDKLog.log:173 - Initializing ProtocolHandler ["http-nio-8080"]
2020-11-08 00:50:42.898 INFO  [main] org.apache.juli.logging.DirectJDKLog.log:173 - Starting service [Tomcat]
2020-11-08 00:50:42.898 INFO  [main] org.apache.juli.logging.DirectJDKLog.log:173 - Starting Servlet engine: [Apache Tomcat/9.0.38]
2020-11-08 00:50:43.013 INFO  [main] org.apache.juli.logging.DirectJDKLog.log:173 - Initializing Spring embedded WebApplicationContext
2020-11-08 00:50:43.013 INFO  [main] org.springframework.boot.web.servlet.context.ServletWebServerApplicationContext.prepareWebApplicationContext:285 - Root WebApplicationContext: initialization completed in 1159 ms
2020-11-08 00:50:43.416 INFO  [main] org.springframework.scheduling.concurrent.ExecutorConfigurationSupport.initialize:181 - Initializing ExecutorService 'applicationTaskExecutor'
2020-11-08 00:50:43.568 INFO  [main] com.alibaba.druid.spring.boot.autoconfigure.DruidDataSourceAutoConfigure.dataSource:56 - Init DruidDataSource
2020-11-08 00:50:44.038 INFO  [main] com.alibaba.druid.pool.DruidDataSource.init:930 - {dataSource-1} inited
2020-11-08 00:50:45.104 INFO  [main] org.apache.juli.logging.DirectJDKLog.log:173 - Starting ProtocolHandler ["http-nio-8080"]
2020-11-08 00:50:45.119 INFO  [main] org.springframework.boot.web.embedded.tomcat.TomcatWebServer.start:220 - Tomcat started on port(s): 8080 (http) with context path ''
2020-11-08 00:50:45.141 INFO  [main] org.springframework.boot.StartupInfoLogger.logStarted:61 - Started SoulWebApplication in 3.826 seconds (JVM running for 4.742)
2020-11-08 00:52:26.572 INFO  [background-preinit] org.hibernate.validator.internal.util.Version.<clinit>:21 - HV000001: Hibernate Validator 6.1.5.Final
2020-11-08 00:52:26.588 INFO  [main] org.springframework.boot.StartupInfoLogger.logStarting:55 - Starting SoulWebApplication on DESKTOP-QL552P5 with PID 11700 (E:\IDEAproject_and_Giteeproject\soul\soul-web\target\classes started by caiyuan in E:\IDEAproject_and_Giteeproject\soul)
2020-11-08 00:52:26.588 INFO  [main] org.springframework.boot.SpringApplication.logStartupProfileInfo:651 - No active profile set, falling back to default profiles: default
2020-11-08 00:52:27.172 INFO  [main] org.springframework.data.repository.config.RepositoryConfigurationDelegate.multipleStoresDetected:249 - Multiple Spring Data modules found, entering strict repository configuration mode!
2020-11-08 00:52:27.172 INFO  [main] org.springframework.data.repository.config.RepositoryConfigurationDelegate.registerRepositoriesIn:127 - Bootstrapping Spring Data Redis repositories in DEFAULT mode.
2020-11-08 00:52:27.191 INFO  [main] org.springframework.data.repository.config.RepositoryConfigurationDelegate.registerRepositoriesIn:187 - Finished Spring Data repository scanning in 4ms. Found 0 Redis repository interfaces.
2020-11-08 00:52:27.609 INFO  [main] org.springframework.boot.web.embedded.tomcat.TomcatWebServer.initialize:108 - Tomcat initialized with port(s): 8080 (http)
2020-11-08 00:52:27.620 INFO  [main] org.apache.juli.logging.DirectJDKLog.log:173 - Initializing ProtocolHandler ["http-nio-8080"]
2020-11-08 00:52:27.620 INFO  [main] org.apache.juli.logging.DirectJDKLog.log:173 - Starting service [Tomcat]
2020-11-08 00:52:27.620 INFO  [main] org.apache.juli.logging.DirectJDKLog.log:173 - Starting Servlet engine: [Apache Tomcat/9.0.38]
2020-11-08 00:52:27.711 INFO  [main] org.apache.juli.logging.DirectJDKLog.log:173 - Initializing Spring embedded WebApplicationContext
2020-11-08 00:52:27.711 INFO  [main] org.springframework.boot.web.servlet.context.ServletWebServerApplicationContext.prepareWebApplicationContext:285 - Root WebApplicationContext: initialization completed in 1086 ms
2020-11-08 00:52:28.001 INFO  [main] org.springframework.scheduling.concurrent.ExecutorConfigurationSupport.initialize:181 - Initializing ExecutorService 'applicationTaskExecutor'
2020-11-08 00:52:28.108 INFO  [main] com.alibaba.druid.spring.boot.autoconfigure.DruidDataSourceAutoConfigure.dataSource:56 - Init DruidDataSource
2020-11-08 00:52:28.469 INFO  [main] com.alibaba.druid.pool.DruidDataSource.init:930 - {dataSource-1} inited
2020-11-08 00:52:29.527 INFO  [main] org.apache.juli.logging.DirectJDKLog.log:173 - Starting ProtocolHandler ["http-nio-8080"]
2020-11-08 00:52:29.543 INFO  [main] org.springframework.boot.web.embedded.tomcat.TomcatWebServer.start:220 - Tomcat started on port(s): 8080 (http) with context path ''
2020-11-08 00:52:29.556 INFO  [main] org.springframework.boot.StartupInfoLogger.logStarted:61 - Started SoulWebApplication in 3.474 seconds (JVM running for 4.453)
2020-11-08 00:54:00.931 INFO  [background-preinit] org.hibernate.validator.internal.util.Version.<clinit>:21 - HV000001: Hibernate Validator 6.1.5.Final
2020-11-08 00:54:00.943 INFO  [main] org.springframework.boot.StartupInfoLogger.logStarting:55 - Starting SoulWebApplication on DESKTOP-QL552P5 with PID 10420 (E:\IDEAproject_and_Giteeproject\soul\soul-web\target\classes started by caiyuan in E:\IDEAproject_and_Giteeproject\soul)
2020-11-08 00:54:00.951 INFO  [main] org.springframework.boot.SpringApplication.logStartupProfileInfo:651 - No active profile set, falling back to default profiles: default
2020-11-08 00:54:01.540 INFO  [main] org.springframework.data.repository.config.RepositoryConfigurationDelegate.multipleStoresDetected:249 - Multiple Spring Data modules found, entering strict repository configuration mode!
2020-11-08 00:54:01.550 INFO  [main] org.springframework.data.repository.config.RepositoryConfigurationDelegate.registerRepositoriesIn:127 - Bootstrapping Spring Data Redis repositories in DEFAULT mode.
2020-11-08 00:54:01.561 INFO  [main] org.springframework.data.repository.config.RepositoryConfigurationDelegate.registerRepositoriesIn:187 - Finished Spring Data repository scanning in 4ms. Found 0 Redis repository interfaces.
2020-11-08 00:54:01.969 INFO  [main] org.springframework.boot.web.embedded.tomcat.TomcatWebServer.initialize:108 - Tomcat initialized with port(s): 8080 (http)
2020-11-08 00:54:01.976 INFO  [main] org.apache.juli.logging.DirectJDKLog.log:173 - Initializing ProtocolHandler ["http-nio-8080"]
2020-11-08 00:54:01.976 INFO  [main] org.apache.juli.logging.DirectJDKLog.log:173 - Starting service [Tomcat]
2020-11-08 00:54:01.976 INFO  [main] org.apache.juli.logging.DirectJDKLog.log:173 - Starting Servlet engine: [Apache Tomcat/9.0.38]
2020-11-08 00:54:02.076 INFO  [main] org.apache.juli.logging.DirectJDKLog.log:173 - Initializing Spring embedded WebApplicationContext
2020-11-08 00:54:02.076 INFO  [main] org.springframework.boot.web.servlet.context.ServletWebServerApplicationContext.prepareWebApplicationContext:285 - Root WebApplicationContext: initialization completed in 1083 ms
2020-11-08 00:54:02.377 INFO  [main] org.springframework.scheduling.concurrent.ExecutorConfigurationSupport.initialize:181 - Initializing ExecutorService 'applicationTaskExecutor'
2020-11-08 00:54:02.493 INFO  [main] com.alibaba.druid.spring.boot.autoconfigure.DruidDataSourceAutoConfigure.dataSource:56 - Init DruidDataSource
2020-11-08 00:54:02.856 INFO  [main] com.alibaba.druid.pool.DruidDataSource.init:930 - {dataSource-1} inited
2020-11-08 00:54:03.862 INFO  [main] org.apache.juli.logging.DirectJDKLog.log:173 - Starting ProtocolHandler ["http-nio-8080"]
2020-11-08 00:54:03.883 INFO  [main] org.springframework.boot.web.embedded.tomcat.TomcatWebServer.start:220 - Tomcat started on port(s): 8080 (http) with context path ''
2020-11-08 00:54:03.903 INFO  [main] org.springframework.boot.StartupInfoLogger.logStarted:61 - Started SoulWebApplication in 3.526 seconds (JVM running for 4.463)
2020-11-08 10:11:55.602 INFO  [background-preinit] org.hibernate.validator.internal.util.Version.<clinit>:21 - HV000001: Hibernate Validator 6.1.5.Final
2020-11-08 10:11:55.626 INFO  [main] org.springframework.boot.StartupInfoLogger.logStarting:55 - Starting SoulWebApplication on DESKTOP-QL552P5 with PID 17284 (E:\IDEAproject_and_Giteeproject\soul\soul-web\target\classes started by caiyuan in E:\IDEAproject_and_Giteeproject\soul)
2020-11-08 10:11:55.627 INFO  [main] org.springframework.boot.SpringApplication.logStartupProfileInfo:651 - No active profile set, falling back to default profiles: default
2020-11-08 10:11:57.353 INFO  [main] org.springframework.data.repository.config.RepositoryConfigurationDelegate.multipleStoresDetected:249 - Multiple Spring Data modules found, entering strict repository configuration mode!
2020-11-08 10:11:57.356 INFO  [main] org.springframework.data.repository.config.RepositoryConfigurationDelegate.registerRepositoriesIn:127 - Bootstrapping Spring Data Redis repositories in DEFAULT mode.
2020-11-08 10:11:57.376 INFO  [main] org.springframework.data.repository.config.RepositoryConfigurationDelegate.registerRepositoriesIn:187 - Finished Spring Data repository scanning in 4ms. Found 0 Redis repository interfaces.
2020-11-08 10:11:58.179 INFO  [main] org.springframework.boot.web.embedded.tomcat.TomcatWebServer.initialize:108 - Tomcat initialized with port(s): 8080 (http)
2020-11-08 10:11:58.196 INFO  [main] org.apache.juli.logging.DirectJDKLog.log:173 - Initializing ProtocolHandler ["http-nio-8080"]
2020-11-08 10:11:58.197 INFO  [main] org.apache.juli.logging.DirectJDKLog.log:173 - Starting service [Tomcat]
2020-11-08 10:11:58.197 INFO  [main] org.apache.juli.logging.DirectJDKLog.log:173 - Starting Servlet engine: [Apache Tomcat/9.0.38]
2020-11-08 10:11:58.329 INFO  [main] org.apache.juli.logging.DirectJDKLog.log:173 - Initializing Spring embedded WebApplicationContext
2020-11-08 10:11:58.330 INFO  [main] org.springframework.boot.web.servlet.context.ServletWebServerApplicationContext.prepareWebApplicationContext:285 - Root WebApplicationContext: initialization completed in 2613 ms
2020-11-08 10:11:58.791 INFO  [main] org.springframework.scheduling.concurrent.ExecutorConfigurationSupport.initialize:181 - Initializing ExecutorService 'applicationTaskExecutor'
2020-11-08 10:11:58.970 INFO  [main] com.alibaba.druid.spring.boot.autoconfigure.DruidDataSourceAutoConfigure.dataSource:56 - Init DruidDataSource
2020-11-08 10:11:59.776 INFO  [main] com.alibaba.druid.pool.DruidDataSource.init:930 - {dataSource-1} inited
2020-11-08 10:12:01.172 INFO  [main] org.apache.juli.logging.DirectJDKLog.log:173 - Starting ProtocolHandler ["http-nio-8080"]
2020-11-08 10:12:01.197 INFO  [main] org.springframework.boot.web.embedded.tomcat.TomcatWebServer.start:220 - Tomcat started on port(s): 8080 (http) with context path ''
2020-11-08 10:12:01.219 INFO  [main] org.springframework.boot.StartupInfoLogger.logStarted:61 - Started SoulWebApplication in 7.304 seconds (JVM running for 9.38)
